Using pre-set license

 COMMAND LINE ARGUMENTS:
/Applications/Unity/Hub/Editor/2020.3.10f1/Unity.app/Contents/MacOS/Unity
-adb2
-batchMode
-noUpm
-name
AssetImportWorker0
-projectPath
/Volumes/MARK17/SEGURIDAD 2021/TITULOS/JUEGOS/marte
-logFile
Logs/AssetImportWorker0.log
-srvPort
55000
Successfully changed project path to: /Volumes/MARK17/SEGURIDAD 2021/TITULOS/JUEGOS/marte
/Volumes/MARK17/SEGURIDAD 2021/TITULOS/JUEGOS/marte
Using Asset Import Pipeline V2.
Refreshing native plugins compatible for Editor in 67.09 ms, found 2 plugins.
Preloading 0 native plugins for Editor in 0.00 ms.
Initialize engine version: 2020.3.10f1 (297d780c91bc)
[Subsystems] Discovering subsystems at path /Applications/Unity/Hub/Editor/2020.3.10f1/Unity.app/Contents/Resources/UnitySubsystems
[Subsystems] Discovering subsystems at path /Volumes/MARK17/SEGURIDAD 2021/TITULOS/JUEGOS/marte/Assets
GfxDevice: creating device client; threaded=0
2021-09-22 19:59:48.855 Unity[25265:1426267] Color LCD preferred device: AMD Radeon Pro 460 (high power)
2021-09-22 19:59:48.855 Unity[25265:1426267] Metal devices available: 2
2021-09-22 19:59:48.855 Unity[25265:1426267] 0: AMD Radeon Pro 460 (high power)
2021-09-22 19:59:48.855 Unity[25265:1426267] 1: Intel(R) HD Graphics 530 (low power)
2021-09-22 19:59:48.856 Unity[25265:1426267] Using device AMD Radeon Pro 460 (high power)
Initializing Metal device caps: AMD Radeon Pro 460
Initialize mono
Mono path[0] = '/Applications/Unity/Hub/Editor/2020.3.10f1/Unity.app/Contents/Managed'
Mono path[1] = '/Applications/Unity/Hub/Editor/2020.3.10f1/Unity.app/Contents/MonoBleedingEdge/lib/mono/unityjit'
Mono config path = '/Applications/Unity/Hub/Editor/2020.3.10f1/Unity.app/Contents/MonoBleedingEdge/etc'
Using monoOptions --debugger-agent=transport=dt_socket,embedding=1,server=y,suspend=n,address=127.0.0.1:56265
Begin MonoManager ReloadAssembly
Registering precompiled unity dll's ...
Register platform support module: /Applications/Unity/Hub/Editor/2020.3.10f1/PlaybackEngines/WebGLSupport/UnityEditor.WebGL.Extensions.dll
Register platform support module: /Applications/Unity/Hub/Editor/2020.3.10f1/Unity.app/Contents/PlaybackEngines/MacStandaloneSupport/UnityEditor.OSXStandalone.Extensions.dll
Registered in 0.001015 seconds.
Native extension for OSXStandalone target not found
Native extension for WebGL target not found
Refreshing native plugins compatible for Editor in 88.42 ms, found 2 plugins.
Preloading 0 native plugins for Editor in 0.00 ms.
Mono: successfully reloaded assembly
- Completed reload, in  2.532 seconds
Platform modules already initialized, skipping
Registering precompiled user dll's ...
Registered in 0.006647 seconds.
Begin MonoManager ReloadAssembly
Native extension for OSXStandalone target not found
Native extension for WebGL target not found
Refreshing native plugins compatible for Editor in 0.94 ms, found 2 plugins.
Preloading 0 native plugins for Editor in 0.00 ms.
Mono: successfully reloaded assembly
- Completed reload, in  2.139 seconds
Platform modules already initialized, skipping
========================================================================
Worker process is ready to serve import requests
Launching external process: /Applications/Unity/Hub/Editor/2020.3.10f1/Unity.app/Contents/Tools/UnityShaderCompiler
Launched and connected shader compiler UnityShaderCompiler after 0.02 seconds
Refreshing native plugins compatible for Editor in 1.06 ms, found 2 plugins.
Preloading 0 native plugins for Editor in 0.00 ms.
Unloading 2112 Unused Serialized files (Serialized files now loaded: 0)
System memory in use before: 176.9 MB.
System memory in use after: 177.0 MB.

Unloading 63 unused Assets to reduce memory usage. Loaded Objects now: 2545.
Total: 8.353615 ms (FindLiveObjects: 0.298745 ms CreateObjectMapping: 0.095074 ms MarkObjects: 7.815415 ms  DeleteObjects: 0.142538 ms)

========================================================================
Received Import Request.
  path: Assets/Scripts/codigoIA.js
  artifactKey: Guid(397ccb088796c40a5b134f525da66581) Importer(815301076,1909f56bfc062723c751e8b465ee728b)
Start importing Assets/Scripts/codigoIA.js using Guid(397ccb088796c40a5b134f525da66581) Importer(815301076,1909f56bfc062723c751e8b465ee728b)  -> (artifact id: 'f279acfc7515201b40ed44da57f4b72f') in 0.438797 seconds
  Import took 0.443546 seconds .

========================================================================
Received Prepare
Refreshing native plugins compatible for Editor in 11.97 ms, found 2 plugins.
Preloading 0 native plugins for Editor in 0.00 ms.
Unloading 54 Unused Serialized files (Serialized files now loaded: 0)
System memory in use before: 140.7 MB.
System memory in use after: 140.8 MB.

Unloading 52 unused Assets to reduce memory usage. Loaded Objects now: 2545.
Total: 8.557225 ms (FindLiveObjects: 0.277986 ms CreateObjectMapping: 0.165636 ms MarkObjects: 8.074798 ms  DeleteObjects: 0.037349 ms)

========================================================================
Received Import Request.
  Time since last request: 9.770672 seconds.
  path: Assets/Scripts/crearAranna.js
  artifactKey: Guid(8d8c59c09b6ad4745bd3e4a1cc1d11bb) Importer(815301076,1909f56bfc062723c751e8b465ee728b)
Start importing Assets/Scripts/crearAranna.js using Guid(8d8c59c09b6ad4745bd3e4a1cc1d11bb) Importer(815301076,1909f56bfc062723c751e8b465ee728b)  -> (artifact id: '81e1c0b7380103b86c8fe67dc30ba1b4') in 0.009133 seconds
  Import took 0.013822 seconds .

========================================================================
Received Import Request.
  Time since last request: 59.072667 seconds.
  path: Assets/Scripts/crearAranna.cs
  artifactKey: Guid(cd33ee784caad4f9c92f4da0ea045de8) Importer(815301076,1909f56bfc062723c751e8b465ee728b)
Start importing Assets/Scripts/crearAranna.cs using Guid(cd33ee784caad4f9c92f4da0ea045de8) Importer(815301076,1909f56bfc062723c751e8b465ee728b)  -> (artifact id: '81c7608725ed96c4e16d0c447c4a34b0') in 0.427139 seconds
  Import took 0.431217 seconds .

========================================================================
Received Prepare
Registering precompiled user dll's ...
Registered in 0.004004 seconds.
Begin MonoManager ReloadAssembly
Native extension for OSXStandalone target not found
Native extension for WebGL target not found
Refreshing native plugins compatible for Editor in 0.94 ms, found 2 plugins.
Preloading 0 native plugins for Editor in 0.00 ms.
Mono: successfully reloaded assembly
- Completed reload, in  1.659 seconds
Platform modules already initialized, skipping
Refreshing native plugins compatible for Editor in 0.94 ms, found 2 plugins.
Preloading 0 native plugins for Editor in 0.00 ms.
Unloading 2106 Unused Serialized files (Serialized files now loaded: 0)
System memory in use before: 185.4 MB.
System memory in use after: 185.5 MB.

Unloading 54 unused Assets to reduce memory usage. Loaded Objects now: 2549.
Total: 8.666329 ms (FindLiveObjects: 0.548096 ms CreateObjectMapping: 0.265382 ms MarkObjects: 7.794013 ms  DeleteObjects: 0.057037 ms)

========================================================================
Received Import Request.
  Time since last request: 168.299201 seconds.
  path: Assets/Scripts/disparo.js
  artifactKey: Guid(07a2c644bb9df412b9c58a7665a37652) Importer(815301076,1909f56bfc062723c751e8b465ee728b)
Start importing Assets/Scripts/disparo.js using Guid(07a2c644bb9df412b9c58a7665a37652) Importer(815301076,1909f56bfc062723c751e8b465ee728b)  -> (artifact id: '26423ba77f1317b80dd8a684c3a4c8b3') in 0.015929 seconds
  Import took 0.020846 seconds .

========================================================================
Received Import Request.
  Time since last request: 4.069241 seconds.
  path: Assets/Scripts/NewBehaviourScript.cs
  artifactKey: Guid(b1a56c8bcdf554070a32411761a319ca) Importer(815301076,1909f56bfc062723c751e8b465ee728b)
Start importing Assets/Scripts/NewBehaviourScript.cs using Guid(b1a56c8bcdf554070a32411761a319ca) Importer(815301076,1909f56bfc062723c751e8b465ee728b)  -> (artifact id: 'b05f703190b602bc043004f0509eeb3e') in 0.002471 seconds
  Import took 0.007137 seconds .

========================================================================
Received Import Request.
  Time since last request: 0.000524 seconds.
  path: Assets/Scripts/NewBehaviourScript.cs
  artifactKey: Guid(b1a56c8bcdf554070a32411761a319ca) Importer(815301076,1909f56bfc062723c751e8b465ee728b)
Start importing Assets/Scripts/NewBehaviourScript.cs using Guid(b1a56c8bcdf554070a32411761a319ca) Importer(815301076,1909f56bfc062723c751e8b465ee728b)  -> (artifact id: 'b05f703190b602bc043004f0509eeb3e') in 0.003112 seconds
  Import took 0.009389 seconds .

========================================================================
Received Prepare
Registering precompiled user dll's ...
Registered in 0.004807 seconds.
Begin MonoManager ReloadAssembly
Native extension for OSXStandalone target not found
Native extension for WebGL target not found
Refreshing native plugins compatible for Editor in 0.89 ms, found 2 plugins.
Preloading 0 native plugins for Editor in 0.00 ms.
Mono: successfully reloaded assembly
- Completed reload, in  1.615 seconds
Platform modules already initialized, skipping
Refreshing native plugins compatible for Editor in 0.86 ms, found 2 plugins.
Preloading 0 native plugins for Editor in 0.00 ms.
Unloading 2106 Unused Serialized files (Serialized files now loaded: 0)
System memory in use before: 185.6 MB.
System memory in use after: 185.7 MB.

Unloading 54 unused Assets to reduce memory usage. Loaded Objects now: 2552.
Total: 7.164314 ms (FindLiveObjects: 0.315400 ms CreateObjectMapping: 0.117414 ms MarkObjects: 6.690257 ms  DeleteObjects: 0.039937 ms)

========================================================================
Received Prepare
Registering precompiled user dll's ...
Registered in 0.004039 seconds.
Begin MonoManager ReloadAssembly
Native extension for OSXStandalone target not found
Native extension for WebGL target not found
Refreshing native plugins compatible for Editor in 1.24 ms, found 2 plugins.
Preloading 0 native plugins for Editor in 0.00 ms.
Mono: successfully reloaded assembly
- Completed reload, in  1.787 seconds
Platform modules already initialized, skipping
Refreshing native plugins compatible for Editor in 1.01 ms, found 2 plugins.
Preloading 0 native plugins for Editor in 0.00 ms.
Unloading 2106 Unused Serialized files (Serialized files now loaded: 0)
System memory in use before: 185.9 MB.
System memory in use after: 186.0 MB.

Unloading 54 unused Assets to reduce memory usage. Loaded Objects now: 2555.
Total: 9.112429 ms (FindLiveObjects: 0.266463 ms CreateObjectMapping: 0.099162 ms MarkObjects: 8.659013 ms  DeleteObjects: 0.085795 ms)

========================================================================
Received Import Request.
  Time since last request: 163.787119 seconds.
  path: Assets/Scripts/crearAranna.cs
  artifactKey: Guid(cd33ee784caad4f9c92f4da0ea045de8) Importer(815301076,1909f56bfc062723c751e8b465ee728b)
Start importing Assets/Scripts/crearAranna.cs using Guid(cd33ee784caad4f9c92f4da0ea045de8) Importer(815301076,1909f56bfc062723c751e8b465ee728b)  -> (artifact id: 'cf27af60ae8072407684c5ef07e8fd33') in 0.501677 seconds
  Import took 0.506895 seconds .

========================================================================
Received Import Request.
  Time since last request: 39.697538 seconds.
  path: Assets/Scripts/propJuego.js
  artifactKey: Guid(4150bc2f58b5b434db8a41dca015685a) Importer(815301076,1909f56bfc062723c751e8b465ee728b)
Start importing Assets/Scripts/propJuego.js using Guid(4150bc2f58b5b434db8a41dca015685a) Importer(815301076,1909f56bfc062723c751e8b465ee728b)  -> (artifact id: 'b19618163a2f1838ba606def2429f2e2') in 0.011715 seconds
  Import took 0.016304 seconds .

========================================================================
Received Import Request.
  Time since last request: 0.033120 seconds.
  path: Assets/Scripts/propJuego.js
  artifactKey: Guid(4150bc2f58b5b434db8a41dca015685a) Importer(815301076,1909f56bfc062723c751e8b465ee728b)
Start importing Assets/Scripts/propJuego.js using Guid(4150bc2f58b5b434db8a41dca015685a) Importer(815301076,1909f56bfc062723c751e8b465ee728b)  -> (artifact id: 'b19618163a2f1838ba606def2429f2e2') in 0.002680 seconds
  Import took 0.007448 seconds .

========================================================================
Received Import Request.
  Time since last request: 22.291668 seconds.
  path: Assets/Scripts/menu.js
  artifactKey: Guid(457d41b801f7748cdb68ab4e7661094f) Importer(815301076,1909f56bfc062723c751e8b465ee728b)
Start importing Assets/Scripts/menu.js using Guid(457d41b801f7748cdb68ab4e7661094f) Importer(815301076,1909f56bfc062723c751e8b465ee728b)  -> (artifact id: 'a8b1bf4809dc128d436bc3a329b1b2bd') in 0.005378 seconds
  Import took 0.010078 seconds .

========================================================================
Received Import Request.
  Time since last request: 2.770242 seconds.
  path: Assets/Scripts/IAenemigo.js
  artifactKey: Guid(3d14e92d9a0464280989ffba1007d430) Importer(815301076,1909f56bfc062723c751e8b465ee728b)
Start importing Assets/Scripts/IAenemigo.js using Guid(3d14e92d9a0464280989ffba1007d430) Importer(815301076,1909f56bfc062723c751e8b465ee728b)  -> (artifact id: '8117f5feb1eca9a09edb7d514d164642') in 0.105360 seconds
  Import took 0.110081 seconds .

========================================================================
Received Import Request.
  Time since last request: 1.246303 seconds.
  path: Assets/Scripts/iaArana.js
  artifactKey: Guid(b677462497caa40bca487f008535ff35) Importer(815301076,1909f56bfc062723c751e8b465ee728b)
Start importing Assets/Scripts/iaArana.js using Guid(b677462497caa40bca487f008535ff35) Importer(815301076,1909f56bfc062723c751e8b465ee728b)  -> (artifact id: 'e77f3751e24a7b0fb35488f2c34c9317') in 0.002716 seconds
  Import took 0.007617 seconds .

========================================================================
Received Import Request.
  Time since last request: 2.345851 seconds.
  path: Assets/Scripts/mostrarRaton.js
  artifactKey: Guid(0475af13376a34a89b1d9592b4c7f74e) Importer(815301076,1909f56bfc062723c751e8b465ee728b)
Start importing Assets/Scripts/mostrarRaton.js using Guid(0475af13376a34a89b1d9592b4c7f74e) Importer(815301076,1909f56bfc062723c751e8b465ee728b)  -> (artifact id: '0b1234ed20d43f6bf6c62c320c171cae') in 0.002453 seconds
  Import took 0.007256 seconds .

========================================================================
Received Import Request.
  Time since last request: 1.333889 seconds.
  path: Assets/Scripts/moverAranna.js
  artifactKey: Guid(44b18c249b82f451da1cb3ffdb49ac1f) Importer(815301076,1909f56bfc062723c751e8b465ee728b)
Start importing Assets/Scripts/moverAranna.js using Guid(44b18c249b82f451da1cb3ffdb49ac1f) Importer(815301076,1909f56bfc062723c751e8b465ee728b)  -> (artifact id: 'ada775544331999545635cc0b72b0e1a') in 0.002781 seconds
  Import took 0.007319 seconds .

========================================================================
Received Prepare
Registering precompiled user dll's ...
Registered in 0.004668 seconds.
Begin MonoManager ReloadAssembly
Native extension for OSXStandalone target not found
Native extension for WebGL target not found
Refreshing native plugins compatible for Editor in 1.17 ms, found 2 plugins.
Preloading 0 native plugins for Editor in 0.00 ms.
Mono: successfully reloaded assembly
- Completed reload, in  1.721 seconds
Platform modules already initialized, skipping
Refreshing native plugins compatible for Editor in 1.00 ms, found 2 plugins.
Preloading 0 native plugins for Editor in 0.00 ms.
Unloading 2106 Unused Serialized files (Serialized files now loaded: 0)
System memory in use before: 186.1 MB.
System memory in use after: 186.2 MB.

Unloading 54 unused Assets to reduce memory usage. Loaded Objects now: 2558.
Total: 7.184771 ms (FindLiveObjects: 0.249089 ms CreateObjectMapping: 0.090374 ms MarkObjects: 6.805030 ms  DeleteObjects: 0.038864 ms)

========================================================================
Received Prepare
Registering precompiled user dll's ...
Registered in 0.004428 seconds.
Begin MonoManager ReloadAssembly
Native extension for OSXStandalone target not found
Native extension for WebGL target not found
Refreshing native plugins compatible for Editor in 0.88 ms, found 2 plugins.
Preloading 0 native plugins for Editor in 0.00 ms.
Mono: successfully reloaded assembly
- Completed reload, in  1.643 seconds
Platform modules already initialized, skipping
Refreshing native plugins compatible for Editor in 0.95 ms, found 2 plugins.
Preloading 0 native plugins for Editor in 0.00 ms.
Unloading 2106 Unused Serialized files (Serialized files now loaded: 0)
System memory in use before: 186.4 MB.
System memory in use after: 186.5 MB.

Unloading 54 unused Assets to reduce memory usage. Loaded Objects now: 2561.
Total: 7.183521 ms (FindLiveObjects: 0.242132 ms CreateObjectMapping: 0.089435 ms MarkObjects: 6.813040 ms  DeleteObjects: 0.037442 ms)

========================================================================
Received Import Request.
  Time since last request: 92.177851 seconds.
  path: Assets/Obj juego/aranna.prefab
  artifactKey: Guid(74904db0fabbe417bae1416f37578bfe) Importer(815301076,1909f56bfc062723c751e8b465ee728b)
Start importing Assets/Obj juego/aranna.prefab using Guid(74904db0fabbe417bae1416f37578bfe) Importer(815301076,1909f56bfc062723c751e8b465ee728b)  -> (artifact id: '7b35dc3c83a255e74acb5d3712c377d3') in 1.407525 seconds
  Import took 1.412265 seconds .

========================================================================
Received Prepare
Registering precompiled user dll's ...
Registered in 0.004093 seconds.
Begin MonoManager ReloadAssembly
Native extension for OSXStandalone target not found
Native extension for WebGL target not found
Refreshing native plugins compatible for Editor in 1.31 ms, found 2 plugins.
Preloading 0 native plugins for Editor in 0.00 ms.
Mono: successfully reloaded assembly
- Completed reload, in  1.817 seconds
Platform modules already initialized, skipping
Refreshing native plugins compatible for Editor in 1.10 ms, found 2 plugins.
Preloading 0 native plugins for Editor in 0.00 ms.
Unloading 2106 Unused Serialized files (Serialized files now loaded: 0)
System memory in use before: 207.7 MB.
System memory in use after: 207.9 MB.

Unloading 54 unused Assets to reduce memory usage. Loaded Objects now: 2572.
Total: 8.175216 ms (FindLiveObjects: 0.295161 ms CreateObjectMapping: 0.107512 ms MarkObjects: 7.729868 ms  DeleteObjects: 0.040717 ms)

========================================================================
Received Prepare
Registering precompiled user dll's ...
Registered in 0.004159 seconds.
Begin MonoManager ReloadAssembly
Native extension for OSXStandalone target not found
Native extension for WebGL target not found
Refreshing native plugins compatible for Editor in 0.94 ms, found 2 plugins.
Preloading 0 native plugins for Editor in 0.00 ms.
Mono: successfully reloaded assembly
- Completed reload, in  1.698 seconds
Platform modules already initialized, skipping
Refreshing native plugins compatible for Editor in 0.93 ms, found 2 plugins.
Preloading 0 native plugins for Editor in 0.00 ms.
Unloading 2106 Unused Serialized files (Serialized files now loaded: 0)
System memory in use before: 208.0 MB.
System memory in use after: 208.1 MB.

Unloading 54 unused Assets to reduce memory usage. Loaded Objects now: 2575.
Total: 7.311839 ms (FindLiveObjects: 0.254424 ms CreateObjectMapping: 0.094240 ms MarkObjects: 6.926990 ms  DeleteObjects: 0.035090 ms)

========================================================================
Received Prepare
Registering precompiled user dll's ...
Registered in 0.004716 seconds.
Begin MonoManager ReloadAssembly
Native extension for OSXStandalone target not found
Native extension for WebGL target not found
Refreshing native plugins compatible for Editor in 1.23 ms, found 2 plugins.
Preloading 0 native plugins for Editor in 0.00 ms.
Mono: successfully reloaded assembly
- Completed reload, in  1.769 seconds
Platform modules already initialized, skipping
Refreshing native plugins compatible for Editor in 0.94 ms, found 2 plugins.
Preloading 0 native plugins for Editor in 0.00 ms.
Unloading 2106 Unused Serialized files (Serialized files now loaded: 0)
System memory in use before: 208.2 MB.
System memory in use after: 208.3 MB.

Unloading 54 unused Assets to reduce memory usage. Loaded Objects now: 2578.
Total: 6.920235 ms (FindLiveObjects: 0.273878 ms CreateObjectMapping: 0.086568 ms MarkObjects: 6.524327 ms  DeleteObjects: 0.034191 ms)

========================================================================
Received Prepare
Registering precompiled user dll's ...
Registered in 0.004079 seconds.
Begin MonoManager ReloadAssembly
Native extension for OSXStandalone target not found
Native extension for WebGL target not found
Refreshing native plugins compatible for Editor in 0.89 ms, found 2 plugins.
Preloading 0 native plugins for Editor in 0.00 ms.
Mono: successfully reloaded assembly
- Completed reload, in  1.557 seconds
Platform modules already initialized, skipping
Refreshing native plugins compatible for Editor in 0.94 ms, found 2 plugins.
Preloading 0 native plugins for Editor in 0.00 ms.
Unloading 2106 Unused Serialized files (Serialized files now loaded: 0)
System memory in use before: 208.5 MB.
System memory in use after: 208.6 MB.

Unloading 54 unused Assets to reduce memory usage. Loaded Objects now: 2581.
Total: 6.996957 ms (FindLiveObjects: 0.246700 ms CreateObjectMapping: 0.090959 ms MarkObjects: 6.622140 ms  DeleteObjects: 0.035998 ms)

========================================================================
Received Prepare
Registering precompiled user dll's ...
Registered in 0.004026 seconds.
Begin MonoManager ReloadAssembly
Native extension for OSXStandalone target not found
Native extension for WebGL target not found
Refreshing native plugins compatible for Editor in 0.84 ms, found 2 plugins.
Preloading 0 native plugins for Editor in 0.00 ms.
Mono: successfully reloaded assembly
- Completed reload, in  1.740 seconds
Platform modules already initialized, skipping
Refreshing native plugins compatible for Editor in 0.92 ms, found 2 plugins.
Preloading 0 native plugins for Editor in 0.00 ms.
Unloading 2106 Unused Serialized files (Serialized files now loaded: 0)
System memory in use before: 208.7 MB.
System memory in use after: 208.8 MB.

Unloading 54 unused Assets to reduce memory usage. Loaded Objects now: 2584.
Total: 6.876386 ms (FindLiveObjects: 0.279003 ms CreateObjectMapping: 0.084707 ms MarkObjects: 6.481921 ms  DeleteObjects: 0.029695 ms)

========================================================================
Received Import Request.
  Time since last request: 229.373936 seconds.
  path: Assets/Scripts/crearAranna.cs
  artifactKey: Guid(cd33ee784caad4f9c92f4da0ea045de8) Importer(815301076,1909f56bfc062723c751e8b465ee728b)
Start importing Assets/Scripts/crearAranna.cs using Guid(cd33ee784caad4f9c92f4da0ea045de8) Importer(815301076,1909f56bfc062723c751e8b465ee728b)  -> (artifact id: '612210a1f01943c09618511911612d30') in 0.005401 seconds
  Import took 0.009070 seconds .

========================================================================
Received Prepare
Registering precompiled user dll's ...
Registered in 0.004646 seconds.
Begin MonoManager ReloadAssembly
Native extension for OSXStandalone target not found
Native extension for WebGL target not found
Refreshing native plugins compatible for Editor in 0.86 ms, found 2 plugins.
Preloading 0 native plugins for Editor in 0.00 ms.
Mono: successfully reloaded assembly
- Completed reload, in  1.742 seconds
Platform modules already initialized, skipping
Refreshing native plugins compatible for Editor in 0.93 ms, found 2 plugins.
Preloading 0 native plugins for Editor in 0.00 ms.
Unloading 2105 Unused Serialized files (Serialized files now loaded: 0)
System memory in use before: 208.9 MB.
System memory in use after: 209.0 MB.

Unloading 54 unused Assets to reduce memory usage. Loaded Objects now: 2587.
Total: 6.815264 ms (FindLiveObjects: 0.280809 ms CreateObjectMapping: 0.096253 ms MarkObjects: 6.402266 ms  DeleteObjects: 0.034736 ms)

